  compilation object save succeeded; see C:\Users\krims\Documents\GitHub\GameEngineDesign\x64\Debug\PSBoxBlur.cso
  compilation object save succeeded; see C:\Users\krims\Documents\GitHub\GameEngineDesign\x64\Debug\PSChromaticAberration.cso
  compilation object save succeeded; see C:\Users\krims\Documents\GitHub\GameEngineDesign\x64\Debug\PSNormal.cso
  compilation object save succeeded; see C:\Users\krims\Documents\GitHub\GameEngineDesign\x64\Debug\PixelShader.cso
  compilation object save succeeded; see C:\Users\krims\Documents\GitHub\GameEngineDesign\x64\Debug\PSCustom.cso
  compilation object save succeeded; see C:\Users\krims\Documents\GitHub\GameEngineDesign\x64\Debug\PSPixelization.cso
  compilation object save succeeded; see C:\Users\krims\Documents\GitHub\GameEngineDesign\x64\Debug\PSSky.cso
  compilation object save succeeded; see C:\Users\krims\Documents\GitHub\GameEngineDesign\x64\Debug\PSUV.cso
  compilation object save succeeded; see C:\Users\krims\Documents\GitHub\GameEngineDesign\x64\Debug\PSVoxel.cso
  compilation object save succeeded; see C:\Users\krims\Documents\GitHub\GameEngineDesign\x64\Debug\VertexShader.cso
  compilation object save succeeded; see C:\Users\krims\Documents\GitHub\GameEngineDesign\x64\Debug\VSFullscreen.cso
  compilation object save succeeded; see C:\Users\krims\Documents\GitHub\GameEngineDesign\x64\Debug\VSShadowMap.cso
  compilation object save succeeded; see C:\Users\krims\Documents\GitHub\GameEngineDesign\x64\Debug\VSSky.cso
  BoxCollider.cpp
C:\Users\krims\Documents\GitHub\GameEngineDesign\BoxCollider.cpp(126,22): warning C4244: 'argument': conversion from 'double' to 'float', possible loss of data
C:\Users\krims\Documents\GitHub\GameEngineDesign\BoxCollider.cpp(125,22): warning C4244: 'argument': conversion from 'double' to 'float', possible loss of data
C:\Users\krims\Documents\GitHub\GameEngineDesign\BoxCollider.cpp(124,22): warning C4244: 'argument': conversion from 'double' to 'float', possible loss of data
  Camera.cpp
  Collider.cpp
  ConvexCollider.cpp
  Debug.cpp
  DebugEntity.cpp
  Entity.cpp
  Game.cpp
  Graphics.cpp
  imgui.cpp
  imgui_demo.cpp
  imgui_draw.cpp
  imgui_impl_dx11.cpp
  imgui_impl_win32.cpp
  imgui_tables.cpp
  imgui_widgets.cpp
  Input.cpp
  Main.cpp
  Material.cpp
  Matrix.cpp
  Generating Code...
  Compiling...
  Mesh.cpp
C:\Users\krims\Documents\GitHub\GameEngineDesign\Mesh.cpp(152,36): warning C4267: '=': conversion from 'size_t' to 'UINT', possible loss of data
C:\Users\krims\Documents\GitHub\GameEngineDesign\Mesh.cpp(153,34): warning C4267: '=': conversion from 'size_t' to 'UINT', possible loss of data
  PathHelpers.cpp
  PhysicsEntity.cpp
  PhysicsSubsystem.cpp
C:\Users\krims\Documents\GitHub\GameEngineDesign\PhysicsSubsystem.cpp(355,37): warning C4267: 'argument': conversion from 'size_t' to '_Ty', possible loss of data
          with
          [
              _Ty=unsigned int
          ]
C:\Users\krims\Documents\GitHub\GameEngineDesign\PhysicsSubsystem.cpp(371,23): warning C4267: '=': conversion from 'size_t' to 'unsigned int', possible loss of data
C:\Users\krims\Documents\GitHub\GameEngineDesign\PhysicsSubsystem.cpp(376,33): warning C4267: '=': conversion from 'size_t' to 'unsigned int', possible loss of data
  Rigidbody.cpp
  SimpleShader.cpp
  Skybox.cpp
  SphereCollider.cpp
  Transform.cpp
  Vector.cpp
C:\Users\krims\Documents\GitHub\GameEngineDesign\Vector.cpp(144,13): warning C4244: 'return': conversion from 'double' to 'float', possible loss of data
  Vertex.cpp
  Voxel.cpp
  VoxelGrid.cpp
  Window.cpp
  Generating Code...
     Creating library C:\Users\krims\Documents\GitHub\GameEngineDesign\x64\Debug\D3D11Starter.lib and object C:\Users\krims\Documents\GitHub\GameEngineDesign\x64\Debug\D3D11Starter.exp
  D3D11Starter.vcxproj -> C:\Users\krims\Documents\GitHub\GameEngineDesign\x64\Debug\D3D11Starter.exe
  'pwsh.exe' is not recognized as an internal or external command,
  operable program or batch file.
